C:\Program Files (x86)\Microsoft Visual Studio\2017\Professional\Common7\IDE\VC\VCTargets\Microsoft.CppBuild.targets(391,5): warning MSB8028: 中间目录(Release\)包含从另一个项目(hw1.vcxproj, mc_bd.vcxproj, mc_cb.vcxproj, mc_vm.vcxproj, pathTracing.vcxproj, pathTracing1.vcxproj, pathTracing10.vcxproj, pathTracing2.vcxproj, pathTracing3.vcxproj, pathTracing5.vcxproj, pathTracing6.vcxproj, pathTracing7.vcxproj, pathTracing9.vcxproj, zbuffer.vcxproj)共享的文件。   这会导致错误的清除和重新生成行为。
  aabb.cpp
  camera.cpp
e:\courses\cg\homework\pathtracing-release\hw1\camera.cpp(149): warning C4018: “<”: 有符号/无符号不匹配
e:\courses\cg\homework\pathtracing-release\hw1\camera.cpp(159): warning C4018: “<”: 有符号/无符号不匹配
  intersect.cpp
  main.cpp
  mesh.cpp
e:\courses\cg\homework\pathtracing-release\hw1\mesh.cpp(243): warning C4018: “<”: 有符号/无符号不匹配
  octree.cpp
e:\courses\cg\homework\pathtracing-release\hw1\octree.cpp(107): warning C4018: “<”: 有符号/无符号不匹配
  raytracer.cpp
  texture.cpp
  utils.cpp
tinyxml.lib(tinyxml.obj) : warning LNK4075: 忽略“/EDITANDCONTINUE”(由于“/OPT:ICF”规范)
LINK : warning LNK4098: 默认库“LIBCMTD”与其他库的使用冲突；请使用 /NODEFAULTLIB:library
  正在生成代码
  14 of 947 functions ( 1.5%) were compiled, the rest were copied from previous compilation.
    0 functions were new in current compilation
    1 functions had inline decision re-evaluated but remain unchanged
  已完成代码的生成
  hw1.vcxproj -> E:\courses\CG\homework\pathTracing-release\Release\pathTracing8.exe
